2025-04-16 00:33:42.181702 - Received CBT.V508.FILE824.PDS from FILE824.XMI 
2025-04-16 00:33:42.183086 - Found $$$#DATE.txt (text/plain) in CBT.V508.FILE824.PDS, moved to PDS/$$$#DATE
2025-04-16 00:33:42.183411 - Found $TSORECV.jcl (text/plain) in CBT.V508.FILE824.PDS, moved to PDS/$TSORECV
2025-04-16 00:33:42.183459 - Found @FILE824.txt (text/plain) in CBT.V508.FILE824.PDS, moved to PDS/@FILE824
2025-04-16 00:33:42.183771 - Found DOC.xmi (application/xmit) in CBT.V508.FILE824.PDS, moved to PDS/DOC.xmi
2025-04-16 00:33:42.226387 - Received RLRICE.VTOCZAP.DOC.CBT from DOC.xmi 
2025-04-16 00:33:42.227237 - Found $TODO.txt (text/plain) in RLRICE.VTOCZAP.DOC.CBT, moved to DOC/$TODO
2025-04-16 00:33:42.227415 - Found GENERAL.txt (text/plain) in RLRICE.VTOCZAP.DOC.CBT, moved to DOC/GENERAL
2025-04-16 00:33:42.227571 - Found INSTALL.txt (text/plain) in RLRICE.VTOCZAP.DOC.CBT, moved to DOC/INSTALL
2025-04-16 00:33:42.227728 - Found USE.txt (text/plain) in RLRICE.VTOCZAP.DOC.CBT, moved to DOC/USE
2025-04-16 00:33:42.228022 - Found VZAP.rexx (text/plain) in RLRICE.VTOCZAP.DOC.CBT, moved to DOC/VZAP
2025-04-16 00:33:42.228307 - Found VZAPX.rexx (text/plain) in RLRICE.VTOCZAP.DOC.CBT, moved to DOC/VZAPX
2025-04-16 00:33:42.228593 - Found VZAP2.rexx (text/plain) in RLRICE.VTOCZAP.DOC.CBT, moved to DOC/VZAP2
2025-04-16 00:33:42.229411 - Found ISPPLIB.xmi (application/xmit) in CBT.V508.FILE824.PDS, moved to PDS/ISPPLIB.xmi
2025-04-16 00:33:42.295307 - Received RLRICE.VTOCZAP.ISPPLIB.CBT from ISPPLIB.xmi 
2025-04-16 00:33:42.296381 - Found VZAPCNFM.txt (text/plain) in RLRICE.VTOCZAP.ISPPLIB.CBT, moved to ISPPLIB/VZAPCNFM
2025-04-16 00:33:42.296744 - Found VZAPDATE.txt (text/plain) in RLRICE.VTOCZAP.ISPPLIB.CBT, moved to ISPPLIB/VZAPDATE
2025-04-16 00:33:42.296906 - Found VZAPDSCB.txt (text/plain) in RLRICE.VTOCZAP.ISPPLIB.CBT, moved to ISPPLIB/VZAPDSCB
2025-04-16 00:33:42.297094 - Found VZAPDSNM.txt (text/plain) in RLRICE.VTOCZAP.ISPPLIB.CBT, moved to ISPPLIB/VZAPDSNM
2025-04-16 00:33:42.297260 - Found VZAPDSSN.txt (text/plain) in RLRICE.VTOCZAP.ISPPLIB.CBT, moved to ISPPLIB/VZAPDSSN
2025-04-16 00:33:42.297425 - Found VZAPFLD.txt (text/plain) in RLRICE.VTOCZAP.ISPPLIB.CBT, moved to ISPPLIB/VZAPFLD
2025-04-16 00:33:42.297580 - Found VZAPFMT1.txt (text/plain) in RLRICE.VTOCZAP.ISPPLIB.CBT, moved to ISPPLIB/VZAPFMT1
2025-04-16 00:33:42.297736 - Found VZAPNBR1.txt (text/plain) in RLRICE.VTOCZAP.ISPPLIB.CBT, moved to ISPPLIB/VZAPNBR1
2025-04-16 00:33:42.297900 - Found VZAPNBR2.txt (text/plain) in RLRICE.VTOCZAP.ISPPLIB.CBT, moved to ISPPLIB/VZAPNBR2
2025-04-16 00:33:42.298051 - Found VZAPNBR3.txt (text/plain) in RLRICE.VTOCZAP.ISPPLIB.CBT, moved to ISPPLIB/VZAPNBR3
2025-04-16 00:33:42.298214 - Found VZAPVPTR.txt (text/plain) in RLRICE.VTOCZAP.ISPPLIB.CBT, moved to ISPPLIB/VZAPVPTR
2025-04-16 00:33:42.298381 - Found VZAPXTNT.txt (text/plain) in RLRICE.VTOCZAP.ISPPLIB.CBT, moved to ISPPLIB/VZAPXTNT
2025-04-16 00:33:42.298533 - Found VZAP001.txt (text/plain) in RLRICE.VTOCZAP.ISPPLIB.CBT, moved to ISPPLIB/VZAP001
2025-04-16 00:33:42.299116 - Found JCL.xmi (application/xmit) in CBT.V508.FILE824.PDS, moved to PDS/JCL.xmi
2025-04-16 00:33:42.313517 - Received RLRICE.VTOCZAP.JCL.CBT from JCL.xmi 
2025-04-16 00:33:42.314254 - Found ALLOC.jcl (text/plain) in RLRICE.VTOCZAP.JCL.CBT, moved to JCL/ALLOC
2025-04-16 00:33:42.314577 - Found ASM.jcl (text/plain) in RLRICE.VTOCZAP.JCL.CBT, moved to JCL/ASM
2025-04-16 00:33:42.315341 - Found MACS.xmi (application/xmit) in CBT.V508.FILE824.PDS, moved to PDS/MACS.xmi
2025-04-16 00:33:42.385116 - Received RLRICE.VTOCZAP.MACLIB.CBT from MACS.xmi 
2025-04-16 00:33:42.386315 - Found ATTRS.txt (text/plain) in RLRICE.VTOCZAP.MACLIB.CBT, moved to MACS/ATTRS
2025-04-16 00:33:42.386826 - Found COMMON.txt (text/plain) in RLRICE.VTOCZAP.MACLIB.CBT, moved to MACS/COMMON
2025-04-16 00:33:42.387137 - Found DXDPREF.txt (text/plain) in RLRICE.VTOCZAP.MACLIB.CBT, moved to MACS/DXDPREF
2025-04-16 00:33:42.387453 - Found ITRACE.txt (text/plain) in RLRICE.VTOCZAP.MACLIB.CBT, moved to MACS/ITRACE
2025-04-16 00:33:42.387730 - Found OPERAND.txt (text/plain) in RLRICE.VTOCZAP.MACLIB.CBT, moved to MACS/OPERAND
2025-04-16 00:33:42.388024 - Found REGEQU.txt (text/plain) in RLRICE.VTOCZAP.MACLIB.CBT, moved to MACS/REGEQU
2025-04-16 00:33:42.388330 - Found TRENTRY.txt (text/plain) in RLRICE.VTOCZAP.MACLIB.CBT, moved to MACS/TRENTRY
2025-04-16 00:33:42.388620 - Found VARDSECT.txt (text/plain) in RLRICE.VTOCZAP.MACLIB.CBT, moved to MACS/VARDSECT
2025-04-16 00:33:42.388911 - Found VCONS.txt (text/plain) in RLRICE.VTOCZAP.MACLIB.CBT, moved to MACS/VCONS
2025-04-16 00:33:42.389199 - Found VDEF.txt (text/plain) in RLRICE.VTOCZAP.MACLIB.CBT, moved to MACS/VDEF
2025-04-16 00:33:42.389501 - Found VTOCDATA.txt (text/plain) in RLRICE.VTOCZAP.MACLIB.CBT, moved to MACS/VTOCDATA
2025-04-16 00:33:42.389799 - Found VZAPFLD.txt (text/plain) in RLRICE.VTOCZAP.MACLIB.CBT, moved to MACS/VZAPFLD
2025-04-16 00:33:42.390101 - Found VZAPSPFD.txt (text/plain) in RLRICE.VTOCZAP.MACLIB.CBT, moved to MACS/VZAPSPFD
2025-04-16 00:33:42.392110 - Found SOURCE.xmi (application/xmit) in CBT.V508.FILE824.PDS, moved to PDS/SOURCE.xmi
2025-04-16 00:33:42.671698 - Received RLRICE.VTOCZAP.SOURCE.CBT from SOURCE.xmi 
2025-04-16 00:33:42.673791 - Found VZAPAPF.txt (text/plain) in RLRICE.VTOCZAP.SOURCE.CBT, moved to SOURCE/VZAPAPF
2025-04-16 00:33:42.674318 - Found VZAPAUTH.txt (text/plain) in RLRICE.VTOCZAP.SOURCE.CBT, moved to SOURCE/VZAPAUTH
2025-04-16 00:33:42.674530 - Found VZAPBIT1.txt (text/plain) in RLRICE.VTOCZAP.SOURCE.CBT, moved to SOURCE/VZAPBIT1
2025-04-16 00:33:42.674864 - Found VZAPBIT2.txt (text/plain) in RLRICE.VTOCZAP.SOURCE.CBT, moved to SOURCE/VZAPBIT2
2025-04-16 00:33:42.675031 - Found VZAPCAL1.txt (text/plain) in RLRICE.VTOCZAP.SOURCE.CBT, moved to SOURCE/VZAPCAL1
2025-04-16 00:33:42.675188 - Found VZAPCNFM.txt (text/plain) in RLRICE.VTOCZAP.SOURCE.CBT, moved to SOURCE/VZAPCNFM
2025-04-16 00:33:42.675336 - Found VZAPCOMM.txt (text/plain) in RLRICE.VTOCZAP.SOURCE.CBT, moved to SOURCE/VZAPCOMM
2025-04-16 00:33:42.675492 - Found VZAPCXTF.txt (text/plain) in RLRICE.VTOCZAP.SOURCE.CBT, moved to SOURCE/VZAPCXTF
2025-04-16 00:33:42.675691 - Found VZAPDAIR.txt (text/plain) in RLRICE.VTOCZAP.SOURCE.CBT, moved to SOURCE/VZAPDAIR
2025-04-16 00:33:42.675870 - Found VZAPDATE.txt (text/plain) in RLRICE.VTOCZAP.SOURCE.CBT, moved to SOURCE/VZAPDATE
2025-04-16 00:33:42.676087 - Found VZAPDISP.txt (text/plain) in RLRICE.VTOCZAP.SOURCE.CBT, moved to SOURCE/VZAPDISP
2025-04-16 00:33:42.676645 - Found VZAPDSCB.txt (text/plain) in RLRICE.VTOCZAP.SOURCE.CBT, moved to SOURCE/VZAPDSCB
2025-04-16 00:33:42.677186 - Found VZAPDSNM.txt (text/plain) in RLRICE.VTOCZAP.SOURCE.CBT, moved to SOURCE/VZAPDSNM
2025-04-16 00:33:42.677755 - Found VZAPDSSN.txt (text/plain) in RLRICE.VTOCZAP.SOURCE.CBT, moved to SOURCE/VZAPDSSN
2025-04-16 00:33:42.678046 - Found VZAPFLG1.txt (text/plain) in RLRICE.VTOCZAP.SOURCE.CBT, moved to SOURCE/VZAPFLG1
2025-04-16 00:33:42.678518 - Found VZAPFMT1.txt (text/plain) in RLRICE.VTOCZAP.SOURCE.CBT, moved to SOURCE/VZAPFMT1
2025-04-16 00:33:42.678833 - Found VZAPIND.txt (text/plain) in RLRICE.VTOCZAP.SOURCE.CBT, moved to SOURCE/VZAPIND
2025-04-16 00:33:42.679365 - Found VZAPMAIN.txt (text/plain) in RLRICE.VTOCZAP.SOURCE.CBT, moved to SOURCE/VZAPMAIN
2025-04-16 00:33:42.679670 - Found VZAPNBR1.txt (text/plain) in RLRICE.VTOCZAP.SOURCE.CBT, moved to SOURCE/VZAPNBR1
2025-04-16 00:33:42.679991 - Found VZAPNBR2.txt (text/plain) in RLRICE.VTOCZAP.SOURCE.CBT, moved to SOURCE/VZAPNBR2
2025-04-16 00:33:42.680295 - Found VZAPNBR3.txt (text/plain) in RLRICE.VTOCZAP.SOURCE.CBT, moved to SOURCE/VZAPNBR3
2025-04-16 00:33:42.680592 - Found VZAPOPT.txt (text/plain) in RLRICE.VTOCZAP.SOURCE.CBT, moved to SOURCE/VZAPOPT
2025-04-16 00:33:42.680876 - Found VZAPORG.txt (text/plain) in RLRICE.VTOCZAP.SOURCE.CBT, moved to SOURCE/VZAPORG
2025-04-16 00:33:42.681185 - Found VZAPPARS.txt (text/plain) in RLRICE.VTOCZAP.SOURCE.CBT, moved to SOURCE/VZAPPARS
2025-04-16 00:33:42.681350 - Found VZAPPQRY.txt (text/plain) in RLRICE.VTOCZAP.SOURCE.CBT, moved to SOURCE/VZAPPQRY
2025-04-16 00:33:42.681777 - Found VZAPREAD.txt (text/plain) in RLRICE.VTOCZAP.SOURCE.CBT, moved to SOURCE/VZAPREAD
2025-04-16 00:33:42.682062 - Found VZAPRECF.txt (text/plain) in RLRICE.VTOCZAP.SOURCE.CBT, moved to SOURCE/VZAPRECF
2025-04-16 00:33:42.682609 - Found VZAPSCDE.txt (text/plain) in RLRICE.VTOCZAP.SOURCE.CBT, moved to SOURCE/VZAPSCDE
2025-04-16 00:33:42.682787 - Found VZAPSMS.txt (text/plain) in RLRICE.VTOCZAP.SOURCE.CBT, moved to SOURCE/VZAPSMS
2025-04-16 00:33:42.682939 - Found VZAPSPFD.txt (text/plain) in RLRICE.VTOCZAP.SOURCE.CBT, moved to SOURCE/VZAPSPFD
2025-04-16 00:33:42.683111 - Found VZAPSPFV.txt (text/plain) in RLRICE.VTOCZAP.SOURCE.CBT, moved to SOURCE/VZAPSPFV
2025-04-16 00:33:42.683410 - Found VZAPVMGR.txt (text/plain) in RLRICE.VTOCZAP.SOURCE.CBT, moved to SOURCE/VZAPVMGR
2025-04-16 00:33:42.683941 - Found VZAPVPTR.txt (text/plain) in RLRICE.VTOCZAP.SOURCE.CBT, moved to SOURCE/VZAPVPTR
2025-04-16 00:33:42.684242 - Found VZAPWRIT.txt (text/plain) in RLRICE.VTOCZAP.SOURCE.CBT, moved to SOURCE/VZAPWRIT
2025-04-16 00:33:42.684677 - Found VZAPXTNT.txt (text/plain) in RLRICE.VTOCZAP.SOURCE.CBT, moved to SOURCE/VZAPXTNT
